<?xml version="1.0" encoding="UTF-8"?>
<!-- Generated by org.testng.reporters.JUnitReportReporter -->
<testsuite name="tests.TC1_Google_Searchname" tests="1" time="10.894" ignored="0" failures="0" timestamp="25 Jul 2017 14:13:16 GMT" skipped="0" hostname="CSCINDAE752825" errors="0">
  <testcase name="namesearch" time="10.894" classname="tests.TC1_Google_Searchname"/>
</testsuite> <!-- tests.TC1_Google_Searchname -->
